nohup: ignoring input
/home/ubuntu/miniforge3/envs/JHL_env/lib/python3.11/site-packages/torch_geometric/typing.py:68: UserWarning: An issue occurred while importing 'pyg-lib'. Disabling its usage. Stacktrace: /home/ubuntu/miniforge3/envs/JHL_env/lib/python3.11/site-packages/libpyg.so: undefined symbol: _ZN5torch8autograd12VariableInfoC1ERKN2at6TensorE
  warnings.warn(f"An issue occurred while importing 'pyg-lib'. "
/home/ubuntu/miniforge3/envs/JHL_env/lib/python3.11/site-packages/torch_geometric/typing.py:124: UserWarning: An issue occurred while importing 'torch-sparse'. Disabling its usage. Stacktrace: /home/ubuntu/miniforge3/envs/JHL_env/lib/python3.11/site-packages/libpyg.so: undefined symbol: _ZN5torch8autograd12VariableInfoC1ERKN2at6TensorE
  warnings.warn(f"An issue occurred while importing 'torch-sparse'. "
[train] sample_idx: 21 | shape of input: torch.Size([36544, 9]) | shape of bc: torch.Size([36544, 2])
[train] sample_idx: 30 | shape of input: torch.Size([21906, 9]) | shape of bc: torch.Size([21906, 2])
[train] sample_idx: 38 | shape of input: torch.Size([58270, 9]) | shape of bc: torch.Size([58270, 2])
[train] sample_idx: 62 | shape of input: torch.Size([28832, 9]) | shape of bc: torch.Size([28832, 2])
[train] sample_idx:  8 | shape of input: torch.Size([60068, 9]) | shape of bc: torch.Size([60068, 2])
[train] sample_idx:  9 | shape of input: torch.Size([97030, 9]) | shape of bc: torch.Size([97030, 2])
[train] sample_idx: 15 | shape of input: torch.Size([46732, 9]) | shape of bc: torch.Size([46732, 2])
[train] sample_idx: 23 | shape of input: torch.Size([43350, 9]) | shape of bc: torch.Size([43350, 2])
[train] sample_idx:  6 | shape of input: torch.Size([68746, 9]) | shape of bc: torch.Size([68746, 2])
[train] sample_idx: 10 | shape of input: torch.Size([86471, 9]) | shape of bc: torch.Size([86471, 2])
[train] sample_idx: 22 | shape of input: torch.Size([75949, 9]) | shape of bc: torch.Size([75949, 2])
[train] sample_idx: 63 | shape of input: torch.Size([53387, 9]) | shape of bc: torch.Size([53387, 2])
[train] sample_idx: 14 | shape of input: torch.Size([95091, 9]) | shape of bc: torch.Size([95091, 2])
[train] sample_idx: 29 | shape of input: torch.Size([231760, 9]) | shape of bc: torch.Size([231760, 2])
[train] sample_idx: 35 | shape of input: torch.Size([65106, 9]) | shape of bc: torch.Size([65106, 2])
[train] sample_idx: 40 | shape of input: torch.Size([28666, 9]) | shape of bc: torch.Size([28666, 2])
[train] sample_idx: 19 | shape of input: torch.Size([90058, 9]) | shape of bc: torch.Size([90058, 2])
[train] sample_idx: 27 | shape of input: torch.Size([63483, 9]) | shape of bc: torch.Size([63483, 2])
[train] sample_idx: 28 | shape of input: torch.Size([59952, 9]) | shape of bc: torch.Size([59952, 2])
[train] sample_idx: 33 | shape of input: torch.Size([167845, 9]) | shape of bc: torch.Size([167845, 2])
[valid] sample_idx: 20 | shape of input: torch.Size([57168, 9]) | shape of bc: torch.Size([57168, 2])
[valid] sample_idx:  4 | shape of input: torch.Size([87908, 9]) | shape of bc: torch.Size([87908, 2])
[valid] sample_idx:  0 | shape of input: torch.Size([112873, 9]) | shape of bc: torch.Size([112873, 2])
[valid] sample_idx: 12 | shape of input: torch.Size([123939, 9]) | shape of bc: torch.Size([123939, 2])
[valid] sample_idx: 16 | shape of input: torch.Size([62273, 9]) | shape of bc: torch.Size([62273, 2])
# of train dataset: 20
# of valid dataset 5
experiment:
  seed: 36
  device: cuda:3
  wandb: false
  wandb_api_key: ''
  wandb_project_name: SimJEB_GATr_mk2
dataset:
  data_dir: /data/SimJEB/
  max_epochs: 200
  train_sample_id:
  - 21
  - 30
  - 38
  - 62
  - 8
  - 9
  - 15
  - 23
  - 6
  - 10
  - 22
  - 63
  - 14
  - 29
  - 35
  - 40
  - 19
  - 27
  - 28
  - 33
  valid_sample_id:
  - 20
  - 4
  - 0
  - 12
  - 16
arch:
  encoder:
    in_mv_channel: 1
    in_s_channel: 2
  processor:
    hidden_mv_channel: 8
    hidden_s_channel: 64
    n_layers_gatr: 3
    n_mlp_per_gatr: 3
    n_attn_heads: 1
  decoder:
    out_mv_channel: 1
    out_s_channel: 1
scheduler:
  initial_lr: 0.001
  weight_decay: 0.0

=====================================================================================
Layer (type:depth-idx)                                       Param #
=====================================================================================
GATrmk2                                                      --
├─ModuleList: 1-1                                            --
│    └─EquiLinear: 2-1                                       72
│    │    └─Linear: 3-1                                      24
│    │    └─Linear: 3-2                                      128
│    │    └─Linear: 3-3                                      128
├─ModuleList: 1-2                                            --
│    └─GATrBlock: 2-2                                        --
│    │    └─SelfAttention: 3-4                               51,856
│    │    └─ModuleList: 3-5                                  105,984
│    └─GATrBlock: 2-3                                        --
│    │    └─SelfAttention: 3-6                               51,856
│    │    └─ModuleList: 3-7                                  105,984
│    └─GATrBlock: 2-4                                        --
│    │    └─SelfAttention: 3-8                               51,856
│    │    └─ModuleList: 3-9                                  105,984
├─ModuleList: 1-3                                            --
│    └─EquiLinear: 2-5                                       72
│    │    └─Linear: 3-10                                     65
│    │    └─Linear: 3-11                                     9
│    │    └─Linear: 3-12                                     64
=====================================================================================
Total params: 474,082
Trainable params: 474,082
Non-trainable params: 0
=====================================================================================
Epoch [   1/ 200] | Train Loss: 1.321309 | Val Loss: 0.494628 | LR: 1e-03
Epoch [   2/ 200] | Train Loss: 1.044383 | Val Loss: 0.500844 | LR: 1e-03
Epoch [   3/ 200] | Train Loss: 1.022348 | Val Loss: 0.507245 | LR: 1e-03
Epoch [   4/ 200] | Train Loss: 1.014995 | Val Loss: 0.533707 | LR: 1e-03
Epoch [   5/ 200] | Train Loss: 1.009399 | Val Loss: 0.532644 | LR: 1e-03
Epoch [   6/ 200] | Train Loss: 1.007031 | Val Loss: 0.532224 | LR: 1e-03
Epoch [   7/ 200] | Train Loss: 1.003900 | Val Loss: 0.533407 | LR: 1e-03
Epoch [   8/ 200] | Train Loss: 1.001215 | Val Loss: 0.537659 | LR: 1e-03
Epoch [   9/ 200] | Train Loss: 0.996885 | Val Loss: 0.542234 | LR: 1e-03
Epoch [  10/ 200] | Train Loss: 0.993525 | Val Loss: 0.543805 | LR: 1e-03
Epoch [  11/ 200] | Train Loss: 0.990252 | Val Loss: 0.552507 | LR: 1e-03
Epoch [  12/ 200] | Train Loss: 0.987323 | Val Loss: 0.557714 | LR: 1e-03
Epoch [  13/ 200] | Train Loss: 0.985437 | Val Loss: 0.567694 | LR: 1e-03
Epoch [  14/ 200] | Train Loss: 1.002046 | Val Loss: 0.571863 | LR: 1e-03
Epoch [  15/ 200] | Train Loss: 0.993382 | Val Loss: 0.579111 | LR: 1e-03
Epoch [  16/ 200] | Train Loss: 0.984138 | Val Loss: 0.518884 | LR: 1e-03
Epoch [  17/ 200] | Train Loss: 0.985291 | Val Loss: 0.574892 | LR: 1e-03
Epoch [  18/ 200] | Train Loss: 0.978262 | Val Loss: 0.536546 | LR: 1e-03
Epoch [  19/ 200] | Train Loss: 0.972959 | Val Loss: 0.525106 | LR: 1e-03
Epoch [  20/ 200] | Train Loss: 0.983251 | Val Loss: 0.614716 | LR: 1e-03
Epoch [  21/ 200] | Train Loss: 0.981228 | Val Loss: 0.543366 | LR: 1e-03
Epoch [  22/ 200] | Train Loss: 1.006561 | Val Loss: 0.535685 | LR: 1e-03
Epoch [  23/ 200] | Train Loss: 0.994575 | Val Loss: 0.551873 | LR: 1e-03
Epoch [  24/ 200] | Train Loss: 0.984491 | Val Loss: 0.561758 | LR: 1e-03
Epoch [  25/ 200] | Train Loss: 0.975891 | Val Loss: 0.544422 | LR: 1e-03
Epoch [  26/ 200] | Train Loss: 0.970378 | Val Loss: 0.530960 | LR: 1e-03
Epoch [  27/ 200] | Train Loss: 0.979625 | Val Loss: 0.582024 | LR: 1e-03
Epoch [  28/ 200] | Train Loss: 0.976807 | Val Loss: 0.516066 | LR: 1e-03
Epoch [  29/ 200] | Train Loss: 0.996685 | Val Loss: 0.546225 | LR: 1e-03
Epoch [  30/ 200] | Train Loss: 0.986509 | Val Loss: 0.560592 | LR: 1e-03
Epoch [  31/ 200] | Train Loss: 0.981718 | Val Loss: 0.561292 | LR: 1e-03
Epoch [  32/ 200] | Train Loss: 0.973703 | Val Loss: 0.563835 | LR: 1e-03
Epoch [  33/ 200] | Train Loss: 0.969834 | Val Loss: 0.519967 | LR: 1e-03
Epoch [  34/ 200] | Train Loss: 0.983179 | Val Loss: 0.605312 | LR: 1e-03
Epoch [  35/ 200] | Train Loss: 0.993218 | Val Loss: 0.617834 | LR: 1e-03
Epoch [  36/ 200] | Train Loss: 1.004014 | Val Loss: 0.603676 | LR: 1e-03
Epoch [  37/ 200] | Train Loss: 1.040290 | Val Loss: 0.604281 | LR: 1e-03
Epoch [  38/ 200] | Train Loss: 1.005533 | Val Loss: 0.577350 | LR: 1e-03
Epoch [  39/ 200] | Train Loss: 0.997699 | Val Loss: 0.582490 | LR: 1e-03
Epoch [  40/ 200] | Train Loss: 0.983243 | Val Loss: 0.563315 | LR: 1e-03
Epoch [  41/ 200] | Train Loss: 0.963913 | Val Loss: 0.535899 | LR: 1e-03
Epoch [  42/ 200] | Train Loss: 0.968434 | Val Loss: 0.598810 | LR: 1e-03
Epoch [  43/ 200] | Train Loss: 0.962544 | Val Loss: 0.539344 | LR: 1e-03
Epoch [  44/ 200] | Train Loss: 0.967572 | Val Loss: 0.568883 | LR: 1e-03
Epoch [  45/ 200] | Train Loss: 0.963004 | Val Loss: 0.523573 | LR: 1e-03
Epoch [  46/ 200] | Train Loss: 0.980225 | Val Loss: 0.554924 | LR: 1e-03
Epoch [  47/ 200] | Train Loss: 0.963027 | Val Loss: 0.563725 | LR: 1e-03
Epoch [  48/ 200] | Train Loss: 0.954857 | Val Loss: 0.545406 | LR: 1e-03
Epoch [  49/ 200] | Train Loss: 0.955064 | Val Loss: 0.561358 | LR: 1e-03
Epoch [  50/ 200] | Train Loss: 0.951884 | Val Loss: 0.540696 | LR: 1e-03
Epoch [  51/ 200] | Train Loss: 0.954946 | Val Loss: 0.599412 | LR: 1e-03
Epoch [  52/ 200] | Train Loss: 0.959561 | Val Loss: 0.529126 | LR: 1e-03
Epoch [  53/ 200] | Train Loss: 0.974946 | Val Loss: 0.559754 | LR: 1e-03
Epoch [  54/ 200] | Train Loss: 0.960298 | Val Loss: 0.562587 | LR: 1e-03
Epoch [  55/ 200] | Train Loss: 0.950869 | Val Loss: 0.572508 | LR: 1e-03
Epoch [  56/ 200] | Train Loss: 0.949763 | Val Loss: 0.543132 | LR: 1e-03
Epoch [  57/ 200] | Train Loss: 0.961123 | Val Loss: 0.590765 | LR: 1e-03
Epoch [  58/ 200] | Train Loss: 0.951346 | Val Loss: 0.547970 | LR: 1e-03
Epoch [  59/ 200] | Train Loss: 0.948762 | Val Loss: 0.572417 | LR: 1e-03
Epoch [  60/ 200] | Train Loss: 0.949449 | Val Loss: 0.545477 | LR: 1e-03
Epoch [  61/ 200] | Train Loss: 0.962333 | Val Loss: 0.609407 | LR: 1e-03
Epoch [  62/ 200] | Train Loss: 0.950073 | Val Loss: 0.579143 | LR: 1e-03
Epoch [  63/ 200] | Train Loss: 0.947014 | Val Loss: 0.564527 | LR: 1e-03
Epoch [  64/ 200] | Train Loss: 0.949050 | Val Loss: 0.567144 | LR: 1e-03
Epoch [  65/ 200] | Train Loss: 0.945902 | Val Loss: 0.591047 | LR: 1e-03
Epoch [  66/ 200] | Train Loss: 0.945179 | Val Loss: 0.551073 | LR: 1e-03
Epoch [  67/ 200] | Train Loss: 0.952680 | Val Loss: 0.548077 | LR: 1e-03
Epoch [  68/ 200] | Train Loss: 0.946876 | Val Loss: 0.603492 | LR: 1e-03
Epoch [  69/ 200] | Train Loss: 0.949979 | Val Loss: 0.552337 | LR: 1e-03
Epoch [  70/ 200] | Train Loss: 0.940827 | Val Loss: 0.576875 | LR: 1e-03
Epoch [  71/ 200] | Train Loss: 0.942338 | Val Loss: 0.533076 | LR: 1e-03
Epoch [  72/ 200] | Train Loss: 0.960468 | Val Loss: 0.576517 | LR: 1e-03
Epoch [  73/ 200] | Train Loss: 0.954367 | Val Loss: 0.567231 | LR: 1e-03
Epoch [  74/ 200] | Train Loss: 0.939220 | Val Loss: 0.574838 | LR: 1e-03
Epoch [  75/ 200] | Train Loss: 0.942302 | Val Loss: 0.567521 | LR: 1e-03
Epoch [  76/ 200] | Train Loss: 0.943929 | Val Loss: 0.561315 | LR: 1e-03
Epoch [  77/ 200] | Train Loss: 0.945358 | Val Loss: 0.540782 | LR: 1e-03
Epoch [  78/ 200] | Train Loss: 0.956646 | Val Loss: 0.612831 | LR: 1e-03
Epoch [  79/ 200] | Train Loss: 0.938582 | Val Loss: 0.583922 | LR: 1e-03
Epoch [  80/ 200] | Train Loss: 0.940312 | Val Loss: 0.549906 | LR: 1e-03
Epoch [  81/ 200] | Train Loss: 0.949351 | Val Loss: 0.548236 | LR: 1e-03
Epoch [  82/ 200] | Train Loss: 0.953711 | Val Loss: 0.648232 | LR: 1e-03
Epoch [  83/ 200] | Train Loss: 0.964849 | Val Loss: 0.591949 | LR: 1e-03
Epoch [  84/ 200] | Train Loss: 0.966584 | Val Loss: 0.584633 | LR: 1e-03
Epoch [  85/ 200] | Train Loss: 0.964429 | Val Loss: 0.607843 | LR: 1e-03
Epoch [  86/ 200] | Train Loss: 0.953220 | Val Loss: 0.605159 | LR: 1e-03
Epoch [  87/ 200] | Train Loss: 0.946823 | Val Loss: 0.536488 | LR: 1e-03
Epoch [  88/ 200] | Train Loss: 0.963962 | Val Loss: 0.585107 | LR: 1e-03
Epoch [  89/ 200] | Train Loss: 0.944614 | Val Loss: 0.611991 | LR: 1e-03
Epoch [  90/ 200] | Train Loss: 0.934524 | Val Loss: 0.567890 | LR: 1e-03
Epoch [  91/ 200] | Train Loss: 0.931094 | Val Loss: 0.575742 | LR: 1e-03
Epoch [  92/ 200] | Train Loss: 0.927148 | Val Loss: 0.545087 | LR: 1e-03
Epoch [  93/ 200] | Train Loss: 0.931572 | Val Loss: 0.585476 | LR: 1e-03
Epoch [  94/ 200] | Train Loss: 0.920729 | Val Loss: 0.564645 | LR: 1e-03
Epoch [  95/ 200] | Train Loss: 0.930621 | Val Loss: 0.621400 | LR: 1e-03
Epoch [  96/ 200] | Train Loss: 0.929656 | Val Loss: 0.532572 | LR: 1e-03
Epoch [  97/ 200] | Train Loss: 0.953408 | Val Loss: 0.549083 | LR: 1e-03
Epoch [  98/ 200] | Train Loss: 0.926541 | Val Loss: 0.585988 | LR: 1e-03
Epoch [  99/ 200] | Train Loss: 0.921115 | Val Loss: 0.612265 | LR: 1e-03
Epoch [ 100/ 200] | Train Loss: 0.917698 | Val Loss: 0.575461 | LR: 1e-03
Epoch [ 101/ 200] | Train Loss: 0.916924 | Val Loss: 0.623322 | LR: 1e-03
Epoch [ 102/ 200] | Train Loss: 0.926567 | Val Loss: 0.566438 | LR: 1e-03
Epoch [ 103/ 200] | Train Loss: 0.963628 | Val Loss: 0.572241 | LR: 1e-03
Epoch [ 104/ 200] | Train Loss: 1.043105 | Val Loss: 0.589696 | LR: 1e-03
Epoch [ 105/ 200] | Train Loss: 1.085465 | Val Loss: 0.610233 | LR: 1e-03
Epoch [ 106/ 200] | Train Loss: 1.479156 | Val Loss: 0.543339 | LR: 1e-03
Epoch [ 107/ 200] | Train Loss: 1.191087 | Val Loss: 0.897729 | LR: 1e-03
Epoch [ 108/ 200] | Train Loss: 1.223692 | Val Loss: 0.614295 | LR: 1e-03
Epoch [ 109/ 200] | Train Loss: 1.318015 | Val Loss: 0.459375 | LR: 1e-03
Epoch [ 110/ 200] | Train Loss: 1.140897 | Val Loss: 0.636129 | LR: 1e-03
Epoch [ 111/ 200] | Train Loss: 1.117296 | Val Loss: 0.505490 | LR: 1e-03
Epoch [ 112/ 200] | Train Loss: 1.039636 | Val Loss: 0.594981 | LR: 1e-03
Epoch [ 113/ 200] | Train Loss: 1.024151 | Val Loss: 0.503343 | LR: 1e-03
Epoch [ 114/ 200] | Train Loss: 1.010872 | Val Loss: 0.537374 | LR: 1e-03
Epoch [ 115/ 200] | Train Loss: 1.001932 | Val Loss: 0.548238 | LR: 1e-03
Epoch [ 116/ 200] | Train Loss: 0.998159 | Val Loss: 0.546862 | LR: 1e-03
Epoch [ 117/ 200] | Train Loss: 0.995321 | Val Loss: 0.551869 | LR: 1e-03
Epoch [ 118/ 200] | Train Loss: 0.991775 | Val Loss: 0.557039 | LR: 1e-03
Epoch [ 119/ 200] | Train Loss: 0.985716 | Val Loss: 0.559759 | LR: 1e-03
Epoch [ 120/ 200] | Train Loss: 0.986354 | Val Loss: 0.639843 | LR: 1e-03
Epoch [ 121/ 200] | Train Loss: 0.984474 | Val Loss: 0.609459 | LR: 1e-03
Epoch [ 122/ 200] | Train Loss: 0.963843 | Val Loss: 0.643416 | LR: 1e-03
Epoch [ 123/ 200] | Train Loss: 0.955190 | Val Loss: 0.706262 | LR: 1e-03
Epoch [ 124/ 200] | Train Loss: 0.949061 | Val Loss: 0.674630 | LR: 1e-03
Epoch [ 125/ 200] | Train Loss: 0.956586 | Val Loss: 0.900843 | LR: 1e-03
Epoch [ 126/ 200] | Train Loss: 0.960597 | Val Loss: 0.520122 | LR: 1e-03
Epoch [ 127/ 200] | Train Loss: 0.964069 | Val Loss: 0.593371 | LR: 1e-03
Epoch [ 128/ 200] | Train Loss: 0.945403 | Val Loss: 0.575748 | LR: 1e-03
Epoch [ 129/ 200] | Train Loss: 0.937166 | Val Loss: 0.642737 | LR: 1e-03
Epoch [ 130/ 200] | Train Loss: 0.932448 | Val Loss: 0.629739 | LR: 1e-03
Epoch [ 131/ 200] | Train Loss: 0.954945 | Val Loss: 0.677902 | LR: 1e-03
Epoch [ 132/ 200] | Train Loss: 0.954833 | Val Loss: 0.585061 | LR: 1e-03
Epoch [ 133/ 200] | Train Loss: 0.952514 | Val Loss: 0.760618 | LR: 1e-03
Epoch [ 134/ 200] | Train Loss: 0.942396 | Val Loss: 0.559388 | LR: 1e-03
Epoch [ 135/ 200] | Train Loss: 0.939181 | Val Loss: 0.633247 | LR: 1e-03
Epoch [ 136/ 200] | Train Loss: 0.924379 | Val Loss: 0.584307 | LR: 1e-03
Epoch [ 137/ 200] | Train Loss: 0.936141 | Val Loss: 0.575469 | LR: 1e-03
Epoch [ 138/ 200] | Train Loss: 0.954266 | Val Loss: 0.699855 | LR: 1e-03
Epoch [ 139/ 200] | Train Loss: 0.955161 | Val Loss: 0.573656 | LR: 1e-03
Epoch [ 140/ 200] | Train Loss: 0.939236 | Val Loss: 0.648908 | LR: 1e-03
Epoch [ 141/ 200] | Train Loss: 0.930694 | Val Loss: 0.642833 | LR: 1e-03
Epoch [ 142/ 200] | Train Loss: 0.924997 | Val Loss: 0.609527 | LR: 1e-03
Epoch [ 143/ 200] | Train Loss: 0.934165 | Val Loss: 0.616155 | LR: 1e-03
Epoch [ 144/ 200] | Train Loss: 0.919421 | Val Loss: 0.640056 | LR: 1e-03
Epoch [ 145/ 200] | Train Loss: 0.913630 | Val Loss: 0.638927 | LR: 1e-03
Epoch [ 146/ 200] | Train Loss: 0.922968 | Val Loss: 0.643483 | LR: 1e-03
Epoch [ 147/ 200] | Train Loss: 0.918172 | Val Loss: 0.583491 | LR: 1e-03
Epoch [ 148/ 200] | Train Loss: 0.920217 | Val Loss: 0.637221 | LR: 1e-03
Epoch [ 149/ 200] | Train Loss: 0.917606 | Val Loss: 0.599477 | LR: 1e-03
Epoch [ 150/ 200] | Train Loss: 0.919034 | Val Loss: 0.610346 | LR: 1e-03
Epoch [ 151/ 200] | Train Loss: 0.912355 | Val Loss: 0.625997 | LR: 1e-03
Epoch [ 152/ 200] | Train Loss: 0.915889 | Val Loss: 0.621584 | LR: 1e-03
Epoch [ 153/ 200] | Train Loss: 0.912700 | Val Loss: 0.625117 | LR: 1e-03
Epoch [ 154/ 200] | Train Loss: 0.911875 | Val Loss: 0.621556 | LR: 1e-03
Epoch [ 155/ 200] | Train Loss: 0.907385 | Val Loss: 0.599614 | LR: 1e-03
Epoch [ 156/ 200] | Train Loss: 0.950314 | Val Loss: 0.587479 | LR: 1e-03
Epoch [ 157/ 200] | Train Loss: 0.916196 | Val Loss: 0.627980 | LR: 1e-03
Epoch [ 158/ 200] | Train Loss: 0.908166 | Val Loss: 0.626190 | LR: 1e-03
Epoch [ 159/ 200] | Train Loss: 0.907930 | Val Loss: 0.669558 | LR: 1e-03
Epoch [ 160/ 200] | Train Loss: 0.904600 | Val Loss: 0.611307 | LR: 1e-03
Epoch [ 161/ 200] | Train Loss: 0.906758 | Val Loss: 0.644575 | LR: 1e-03
Epoch [ 162/ 200] | Train Loss: 0.904145 | Val Loss: 0.588103 | LR: 1e-03
Epoch [ 163/ 200] | Train Loss: 0.918031 | Val Loss: 0.651701 | LR: 1e-03
Epoch [ 164/ 200] | Train Loss: 0.912558 | Val Loss: 0.595333 | LR: 1e-03
Epoch [ 165/ 200] | Train Loss: 0.915746 | Val Loss: 0.638469 | LR: 1e-03
Epoch [ 166/ 200] | Train Loss: 0.905330 | Val Loss: 0.572470 | LR: 1e-03
Epoch [ 167/ 200] | Train Loss: 0.910554 | Val Loss: 0.613795 | LR: 1e-03
Epoch [ 168/ 200] | Train Loss: 0.894637 | Val Loss: 0.598954 | LR: 1e-03
Epoch [ 169/ 200] | Train Loss: 0.909858 | Val Loss: 0.595597 | LR: 1e-03
Epoch [ 170/ 200] | Train Loss: 0.900553 | Val Loss: 0.608768 | LR: 1e-03
Epoch [ 171/ 200] | Train Loss: 0.899244 | Val Loss: 0.674759 | LR: 1e-03
Epoch [ 172/ 200] | Train Loss: 0.912112 | Val Loss: 0.560722 | LR: 1e-03
Epoch [ 173/ 200] | Train Loss: 0.948749 | Val Loss: 0.633256 | LR: 1e-03
Epoch [ 174/ 200] | Train Loss: 0.933429 | Val Loss: 0.583427 | LR: 1e-03
Epoch [ 175/ 200] | Train Loss: 0.917065 | Val Loss: 0.650495 | LR: 1e-03
Epoch [ 176/ 200] | Train Loss: 0.913170 | Val Loss: 0.606181 | LR: 1e-03
Epoch [ 177/ 200] | Train Loss: 0.906898 | Val Loss: 0.628501 | LR: 1e-03
Epoch [ 178/ 200] | Train Loss: 0.913527 | Val Loss: 0.584238 | LR: 1e-03
Epoch [ 179/ 200] | Train Loss: 0.896456 | Val Loss: 0.628537 | LR: 1e-03
Epoch [ 180/ 200] | Train Loss: 0.886565 | Val Loss: 0.627342 | LR: 1e-03
Epoch [ 181/ 200] | Train Loss: 0.898626 | Val Loss: 0.683276 | LR: 1e-03
Epoch [ 182/ 200] | Train Loss: 0.905620 | Val Loss: 0.599300 | LR: 1e-03
Epoch [ 183/ 200] | Train Loss: 0.897179 | Val Loss: 0.625396 | LR: 1e-03
Epoch [ 184/ 200] | Train Loss: 0.897496 | Val Loss: 0.597634 | LR: 1e-03
Epoch [ 185/ 200] | Train Loss: 0.903530 | Val Loss: 0.663454 | LR: 1e-03
Epoch [ 186/ 200] | Train Loss: 0.899168 | Val Loss: 0.652174 | LR: 1e-03
Epoch [ 187/ 200] | Train Loss: 0.918139 | Val Loss: 0.746400 | LR: 1e-03
Epoch [ 188/ 200] | Train Loss: 0.916695 | Val Loss: 0.600464 | LR: 1e-03
Epoch [ 189/ 200] | Train Loss: 0.910899 | Val Loss: 0.619155 | LR: 1e-03
Epoch [ 190/ 200] | Train Loss: 0.893268 | Val Loss: 0.604852 | LR: 1e-03
Epoch [ 191/ 200] | Train Loss: 0.894139 | Val Loss: 0.590282 | LR: 1e-03
Epoch [ 192/ 200] | Train Loss: 0.895114 | Val Loss: 0.657365 | LR: 1e-03
Epoch [ 193/ 200] | Train Loss: 0.886571 | Val Loss: 0.604667 | LR: 1e-03
Epoch [ 194/ 200] | Train Loss: 0.900891 | Val Loss: 0.669551 | LR: 1e-03
Epoch [ 195/ 200] | Train Loss: 0.909760 | Val Loss: 0.579850 | LR: 1e-03
Epoch [ 196/ 200] | Train Loss: 0.913391 | Val Loss: 0.609479 | LR: 1e-03
Epoch [ 197/ 200] | Train Loss: 0.892757 | Val Loss: 0.600219 | LR: 1e-03
Epoch [ 198/ 200] | Train Loss: 0.896778 | Val Loss: 0.613547 | LR: 1e-03
Epoch [ 199/ 200] | Train Loss: 0.884790 | Val Loss: 0.573335 | LR: 1e-03
Epoch [ 200/ 200] | Train Loss: 0.885766 | Val Loss: 0.635901 | LR: 1e-03
Best Train Loss: 0.884790 at epoch 199
Best Valid Loss: 0.459375 at epoch 109
